<?xml version="1.0" encoding="UTF-8"?>
<Site BuildName="Linux-g++"
	BuildStamp="20260411-1649-Experimental"
	Name="archlinux"
	Generator="ctest-4.3.1"
	CompilerName="/usr/bin/g++"
	CompilerVersion="15.2.1"
	OSName="Linux"
	Hostname="archlinux"
	OSRelease="6.19.11-arch1-1"
	OSVersion="#1 SMP PREEMPT_DYNAMIC Thu, 02 Apr 2026 23:33:01 +0000"
	OSPlatform="x86_64"
	Is64Bits="1"
	VendorString="GenuineIntel"
	VendorID="Intel Corporation"
	FamilyID="6"
	ModelID="158"
	ModelName="Intel(R) Core(TM) i9-8950HK CPU @ 2.90GHz"
	ProcessorCacheSize="12288"
	NumberOfLogicalCPU="12"
	NumberOfPhysicalCPU="6"
	TotalVirtualMemory="32767"
	TotalPhysicalMemory="31727"
	LogicalProcessorsPerPhysical="2"
	ProcessorClockFrequency="4308.562012"
	>
	<Testing>
		<StartDateTime>Apr 11 18:04 CET</StartDateTime>
		<StartTestTime>1775927060</StartTestTime>
		<TestList/>
		<EndDateTime>Apr 11 18:04 CET</EndDateTime>
		<EndTestTime>1775927060</EndTestTime>
		<ElapsedMinutes>0</ElapsedMinutes>
	</Testing>
</Site>
